<?xml version="1.0" encoding="UTF-8"?>
<!-- Generated by org.testng.reporters.JUnitXMLReporter -->
<testsuite ignored="0" hostname="DESKTOP-GO6GOPM" failures="0" tests="1" name="Test" time="0.069" errors="0" timestamp="2023-01-12T11:14:47 IST">
  <testcase classname="com.crm.GenricUtilities.BaseClass1" name="@BeforeClass configBC" time="-1.67350228759E9">
    <failure type="org.testng.TestNGException" message="
Parameter &amp;apos;browser&amp;apos; is required by BeforeClass on method configBC but has not been marked @Optional or defined
in C:\Users\Rishi\eclipse-workspace\com.crm.eduCare\RegionalRegression.xml">
      <![CDATA[org.testng.TestNGException: 
Parameter 'browser' is required by BeforeClass on method configBC but has not been marked @Optional or defined
in C:\Users\Rishi\eclipse-workspace\com.crm.eduCare\RegionalRegression.xml
at java.base/java.util.ArrayList.forEach(ArrayList.java:1511)
at java.base/java.util.concurrent.FutureTask.run(FutureTask.java:264)
at java.base/java.util.concurrent.ThreadPoolExecutor.runWorker(ThreadPoolExecutor.java:1136)
at java.base/java.util.concurrent.ThreadPoolExecutor$Worker.run(ThreadPoolExecutor.java:635)
at java.base/java.lang.Thread.run(Thread.java:833)
... Removed 13 stack frames]]>
    </failure>
  </testcase> <!-- @BeforeClass configBC -->
  <testcase classname="com.crm.GenricUtilities.BaseClass1" name="@BeforeMethod configBM" time="-1.673502287622E9">
    <skipped/>
  </testcase> <!-- @BeforeMethod configBM -->
  <testcase classname="com.crm.GenricUtilities.BaseClass1" name="@AfterMethod configAF" time="-1.673502287631E9">
    <skipped/>
  </testcase> <!-- @AfterMethod configAF -->
  <testcase classname="com.crm.GenricUtilities.BaseClass1" name="@AfterClass configAC" time="-1.673502287635E9">
    <skipped/>
  </testcase> <!-- @AfterClass configAC -->
  <testcase classname="Admin_Module.AddClassroom_POMTest1" name="executeConfig" time="0.0">
    <skipped/>
  </testcase> <!-- executeConfig -->
</testsuite> <!-- Test -->
